<?xml version="1.0" encoding="UTF-8"?>
<testsuite xmlns:xsi="http://www.w3.org/2001/XMLSchema-instance" xsi:noNamespaceSchemaLocation="https://maven.apache.org/surefire/maven-surefire-plugin/xsd/surefire-test-report-3.0.xsd" version="3.0" name="org.apache.tapestry.Sampleproject.tapestry.unit.pages.IndexTest" time="3.527" tests="1" errors="0" skipped="0" failures="0">
  <properties>
    <property name="java.specification.version" value="17"/>
    <property name="sun.cpu.isalist" value="amd64"/>
    <property name="sun.jnu.encoding" value="Cp1252"/>
    <property name="java.class.path" value="C:\Users\ASUS\eclipse-workspace\Sampleproject\target\test-classes;C:\Users\ASUS\eclipse-workspace\Sampleproject\target\classes;C:\Users\ASUS\.m2\repository\org\apache\tapestry\tapestry-core\5.8.3\tapestry-core-5.8.3.jar;C:\Users\ASUS\.m2\repository\org\apache\tapestry\tapestry-ioc\5.8.3\tapestry-ioc-5.8.3.jar;C:\Users\ASUS\.m2\repository\org\apache\tapestry\tapestry-func\5.8.3\tapestry-func-5.8.3.jar;C:\Users\ASUS\.m2\repository\org\apache\tapestry\tapestry5-annotations\5.8.3\tapestry5-annotations-5.8.3.jar;C:\Users\ASUS\.m2\repository\org\apache\tapestry\plastic\5.8.3\plastic-5.8.3.jar;C:\Users\ASUS\.m2\repository\javax\inject\javax.inject\1\javax.inject-1.jar;C:\Users\ASUS\.m2\repository\org\apache\tapestry\tapestry-json\5.8.3\tapestry-json-5.8.3.jar;C:\Users\ASUS\.m2\repository\org\apache\tapestry\beanmodel\5.8.3\beanmodel-5.8.3.jar;C:\Users\ASUS\.m2\repository\org\apache\tapestry\commons\5.8.3\commons-5.8.3.jar;C:\Users\ASUS\.m2\repository\org\antlr\antlr\3.5.2\antlr-3.5.2.jar;C:\Users\ASUS\.m2\repository\org\antlr\ST4\4.0.8\ST4-4.0.8.jar;C:\Users\ASUS\.m2\repository\org\antlr\antlr-runtime\3.5.2\antlr-runtime-3.5.2.jar;C:\Users\ASUS\.m2\repository\org\apache\tapestry\tapestry-http\5.8.3\tapestry-http-5.8.3.jar;C:\Users\ASUS\.m2\repository\org\apache\commons\commons-lang3\3.4\commons-lang3-3.4.jar;C:\Users\ASUS\.m2\repository\jakarta\annotation\jakarta.annotation-api\1.3.4\jakarta.annotation-api-1.3.4.jar;C:\Users\ASUS\.m2\repository\jakarta\xml\bind\jakarta.xml.bind-api\2.3.2\jakarta.xml.bind-api-2.3.2.jar;C:\Users\ASUS\.m2\repository\jakarta\activation\jakarta.activation-api\1.2.1\jakarta.activation-api-1.2.1.jar;C:\Users\ASUS\.m2\repository\org\glassfish\jaxb\jaxb-runtime\2.3.2\jaxb-runtime-2.3.2.jar;C:\Users\ASUS\.m2\repository\org\glassfish\jaxb\txw2\2.3.2\txw2-2.3.2.jar;C:\Users\ASUS\.m2\repository\com\sun\istack\istack-commons-runtime\3.0.8\istack-commons-runtime-3.0.8.jar;C:\Users\ASUS\.m2\repository\org\jvnet\staxex\stax-ex\1.8.1\stax-ex-1.8.1.jar;C:\Users\ASUS\.m2\repository\com\sun\xml\fastinfoset\FastInfoset\1.2.16\FastInfoset-1.2.16.jar;C:\Users\ASUS\.m2\repository\com\sun\xml\ws\jaxws-rt\2.3.2\jaxws-rt-2.3.2.jar;C:\Users\ASUS\.m2\repository\jakarta\xml\ws\jakarta.xml.ws-api\2.3.2\jakarta.xml.ws-api-2.3.2.jar;C:\Users\ASUS\.m2\repository\jakarta\xml\soap\jakarta.xml.soap-api\1.4.1\jakarta.xml.soap-api-1.4.1.jar;C:\Users\ASUS\.m2\repository\jakarta\jws\jakarta.jws-api\1.1.1\jakarta.jws-api-1.1.1.jar;C:\Users\ASUS\.m2\repository\com\sun\xml\ws\policy\2.7.6\policy-2.7.6.jar;C:\Users\ASUS\.m2\repository\org\glassfish\gmbal\gmbal\4.0.0\gmbal-4.0.0.jar;C:\Users\ASUS\.m2\repository\org\glassfish\external\management-api\3.2.1\management-api-3.2.1.jar;C:\Users\ASUS\.m2\repository\org\glassfish\pfl\pfl-basic\4.0.1\pfl-basic-4.0.1.jar;C:\Users\ASUS\.m2\repository\org\glassfish\pfl\pfl-tf\4.0.1\pfl-tf-4.0.1.jar;C:\Users\ASUS\.m2\repository\org\glassfish\pfl\pfl-asm\4.0.1\pfl-asm-4.0.1.jar;C:\Users\ASUS\.m2\repository\org\glassfish\pfl\pfl-dynamic\4.0.1\pfl-dynamic-4.0.1.jar;C:\Users\ASUS\.m2\repository\org\glassfish\pfl\pfl-basic-tools\4.0.1\pfl-basic-tools-4.0.1.jar;C:\Users\ASUS\.m2\repository\org\glassfish\pfl\pfl-tf-tools\4.0.1\pfl-tf-tools-4.0.1.jar;C:\Users\ASUS\.m2\repository\com\sun\xml\stream\buffer\streambuffer\1.5.7\streambuffer-1.5.7.jar;C:\Users\ASUS\.m2\repository\org\jvnet\mimepull\mimepull\1.9.11\mimepull-1.9.11.jar;C:\Users\ASUS\.m2\repository\org\glassfish\ha\ha-api\3.1.12\ha-api-3.1.12.jar;C:\Users\ASUS\.m2\repository\com\sun\xml\messaging\saaj\saaj-impl\1.5.1\saaj-impl-1.5.1.jar;C:\Users\ASUS\.m2\repository\com\fasterxml\woodstox\woodstox-core\5.1.0\woodstox-core-5.1.0.jar;C:\Users\ASUS\.m2\repository\org\codehaus\woodstox\stax2-api\4.1\stax2-api-4.1.jar;C:\Users\ASUS\.m2\repository\commons-codec\commons-codec\1.10\commons-codec-1.10.jar;C:\Users\ASUS\.m2\repository\org\apache\tapestry\tapestry-webresources\5.8.3\tapestry-webresources-5.8.3.jar;C:\Users\ASUS\.m2\repository\com\google\javascript\closure-compiler-unshaded\v20200504\closure-compiler-unshaded-v20200504.jar;C:\Users\ASUS\.m2\repository\com\google\javascript\closure-compiler-externs\v20200504\closure-compiler-externs-v20200504.jar;C:\Users\ASUS\.m2\repository\args4j\args4j\2.0.26\args4j-2.0.26.jar;C:\Users\ASUS\.m2\repository\com\google\errorprone\error_prone_annotations\2.3.1\error_prone_annotations-2.3.1.jar;C:\Users\ASUS\.m2\repository\com\google\guava\guava\25.1-jre\guava-25.1-jre.jar;C:\Users\ASUS\.m2\repository\org\checkerframework\checker-qual\2.0.0\checker-qual-2.0.0.jar;C:\Users\ASUS\.m2\repository\com\google\j2objc\j2objc-annotations\1.1\j2objc-annotations-1.1.jar;C:\Users\ASUS\.m2\repository\org\codehaus\mojo\animal-sniffer-annotations\1.14\animal-sniffer-annotations-1.14.jar;C:\Users\ASUS\.m2\repository\com\google\code\gson\gson\2.7\gson-2.7.jar;C:\Users\ASUS\.m2\repository\com\google\code\findbugs\jsr305\3.0.1\jsr305-3.0.1.jar;C:\Users\ASUS\.m2\repository\com\google\jsinterop\jsinterop-annotations\1.0.2\jsinterop-annotations-1.0.2.jar;C:\Users\ASUS\.m2\repository\com\google\jsinterop\base\1.0.0\base-1.0.0.jar;C:\Users\ASUS\.m2\repository\com\google\elemental2\elemental2-core\1.0.0-RC1\elemental2-core-1.0.0-RC1.jar;C:\Users\ASUS\.m2\repository\com\google\re2j\re2j\1.3\re2j-1.3.jar;C:\Users\ASUS\.m2\repository\org\seleniumhq\selenium\selenium-leg-rc\4.5.0\selenium-leg-rc-4.5.0.jar;C:\Users\ASUS\.m2\repository\junit\junit\4.13.2\junit-4.13.2.jar;C:\Users\ASUS\.m2\repository\org\hamcrest\hamcrest-core\1.3\hamcrest-core-1.3.jar;C:\Users\ASUS\.m2\repository\org\seleniumhq\selenium\selenium-api\4.5.0\selenium-api-4.5.0.jar;C:\Users\ASUS\.m2\repository\org\seleniumhq\selenium\selenium-chrome-driver\4.5.0\selenium-chrome-driver-4.5.0.jar;C:\Users\ASUS\.m2\repository\com\google\auto\service\auto-service-annotations\1.0.1\auto-service-annotations-1.0.1.jar;C:\Users\ASUS\.m2\repository\com\google\auto\service\auto-service\1.0.1\auto-service-1.0.1.jar;C:\Users\ASUS\.m2\repository\com\google\auto\auto-common\1.2\auto-common-1.2.jar;C:\Users\ASUS\.m2\repository\org\seleniumhq\selenium\selenium-chromium-driver\4.5.0\selenium-chromium-driver-4.5.0.jar;C:\Users\ASUS\.m2\repository\org\seleniumhq\selenium\selenium-edge-driver\4.5.0\selenium-edge-driver-4.5.0.jar;C:\Users\ASUS\.m2\repository\org\seleniumhq\selenium\selenium-grid\4.5.0\selenium-grid-4.5.0.jar;C:\Users\ASUS\.m2\repository\com\graphql-java\graphql-java\19.1\graphql-java-19.1.jar;C:\Users\ASUS\.m2\repository\org\reactivestreams\reactive-streams\1.0.3\reactive-streams-1.0.3.jar;C:\Users\ASUS\.m2\repository\com\graphql-java\java-dataloader\3.2.0\java-dataloader-3.2.0.jar;C:\Users\ASUS\.m2\repository\dev\failsafe\failsafe\3.2.4\failsafe-3.2.4.jar;C:\Users\ASUS\.m2\repository\io\netty\netty-buffer\4.1.79.Final\netty-buffer-4.1.79.Final.jar;C:\Users\ASUS\.m2\repository\io\netty\netty-codec-http\4.1.79.Final\netty-codec-http-4.1.79.Final.jar;C:\Users\ASUS\.m2\repository\io\netty\netty-codec\4.1.79.Final\netty-codec-4.1.79.Final.jar;C:\Users\ASUS\.m2\repository\io\netty\netty-common\4.1.79.Final\netty-common-4.1.79.Final.jar;C:\Users\ASUS\.m2\repository\io\netty\netty-handler\4.1.79.Final\netty-handler-4.1.79.Final.jar;C:\Users\ASUS\.m2\repository\io\netty\netty-resolver\4.1.79.Final\netty-resolver-4.1.79.Final.jar;C:\Users\ASUS\.m2\repository\io\netty\netty-transport\4.1.79.Final\netty-transport-4.1.79.Final.jar;C:\Users\ASUS\.m2\repository\io\opentelemetry\opentelemetry-api\1.17.0\opentelemetry-api-1.17.0.jar;C:\Users\ASUS\.m2\repository\io\ous\jtoml\2.0.0\jtoml-2.0.0.jar;C:\Users\ASUS\.m2\repository\org\seleniumhq\selenium\selenium-devtools-v104\4.5.0\selenium-devtools-v104-4.5.0.jar;C:\Users\ASUS\.m2\repository\org\seleniumhq\selenium\selenium-devtools-v105\4.5.0\selenium-devtools-v105-4.5.0.jar;C:\Users\ASUS\.m2\repository\org\seleniumhq\selenium\selenium-http\4.5.0\selenium-http-4.5.0.jar;C:\Users\ASUS\.m2\repository\org\zeromq\jeromq\0.5.2\jeromq-0.5.2.jar;C:\Users\ASUS\.m2\repository\eu\neilalexander\jnacl\1.0.0\jnacl-1.0.0.jar;C:\Users\ASUS\.m2\repository\org\seleniumhq\selenium\selenium-ie-driver\4.5.0\selenium-ie-driver-4.5.0.jar;C:\Users\ASUS\.m2\repository\org\seleniumhq\selenium\selenium-json\4.5.0\selenium-json-4.5.0.jar;C:\Users\ASUS\.m2\repository\org\seleniumhq\selenium\selenium-remote-driver\4.5.0\selenium-remote-driver-4.5.0.jar;C:\Users\ASUS\.m2\repository\io\netty\netty-transport-classes-epoll\4.1.79.Final\netty-transport-classes-epoll-4.1.79.Final.jar;C:\Users\ASUS\.m2\repository\io\netty\netty-transport-classes-kqueue\4.1.79.Final\netty-transport-classes-kqueue-4.1.79.Final.jar;C:\Users\ASUS\.m2\repository\io\netty\netty-transport-native-epoll\4.1.79.Final\netty-transport-native-epoll-4.1.79.Final.jar;C:\Users\ASUS\.m2\repository\io\netty\netty-transport-native-kqueue\4.1.79.Final\netty-transport-native-kqueue-4.1.79.Final.jar;C:\Users\ASUS\.m2\repository\io\netty\netty-transport-native-unix-common\4.1.79.Final\netty-transport-native-unix-common-4.1.79.Final.jar;C:\Users\ASUS\.m2\repository\io\opentelemetry\opentelemetry-context\1.17.0\opentelemetry-context-1.17.0.jar;C:\Users\ASUS\.m2\repository\io\opentelemetry\opentelemetry-exporter-logging\1.17.0\opentelemetry-exporter-logging-1.17.0.jar;C:\Users\ASUS\.m2\repository\io\opentelemetry\opentelemetry-sdk-metrics\1.17.0\opentelemetry-sdk-metrics-1.17.0.jar;C:\Users\ASUS\.m2\repository\io\opentelemetry\opentelemetry-sdk-logs\1.17.0-alpha\opentelemetry-sdk-logs-1.17.0-alpha.jar;C:\Users\ASUS\.m2\repository\io\opentelemetry\opentelemetry-sdk-common\1.17.0\opentelemetry-sdk-common-1.17.0.jar;C:\Users\ASUS\.m2\repository\io\opentelemetry\opentelemetry-sdk-extension-autoconfigure-spi\1.17.0\opentelemetry-sdk-extension-autoconfigure-spi-1.17.0.jar;C:\Users\ASUS\.m2\repository\io\opentelemetry\opentelemetry-sdk-extension-autoconfigure\1.17.0-alpha\opentelemetry-sdk-extension-autoconfigure-1.17.0-alpha.jar;C:\Users\ASUS\.m2\repository\io\opentelemetry\opentelemetry-exporter-common\1.17.0\opentelemetry-exporter-common-1.17.0.jar;C:\Users\ASUS\.m2\repository\io\opentelemetry\opentelemetry-sdk-trace\1.17.0\opentelemetry-sdk-trace-1.17.0.jar;C:\Users\ASUS\.m2\repository\io\opentelemetry\opentelemetry-sdk\1.17.0\opentelemetry-sdk-1.17.0.jar;C:\Users\ASUS\.m2\repository\io\opentelemetry\opentelemetry-semconv\1.17.0-alpha\opentelemetry-semconv-1.17.0-alpha.jar;C:\Users\ASUS\.m2\repository\net\bytebuddy\byte-buddy\1.12.14\byte-buddy-1.12.14.jar;C:\Users\ASUS\.m2\repository\org\apache\commons\commons-exec\1.3\commons-exec-1.3.jar;C:\Users\ASUS\.m2\repository\org\asynchttpclient\async-http-client\2.12.3\async-http-client-2.12.3.jar;C:\Users\ASUS\.m2\repository\org\asynchttpclient\async-http-client-netty-utils\2.12.3\async-http-client-netty-utils-2.12.3.jar;C:\Users\ASUS\.m2\repository\io\netty\netty-codec-socks\4.1.60.Final\netty-codec-socks-4.1.60.Final.jar;C:\Users\ASUS\.m2\repository\io\netty\netty-handler-proxy\4.1.60.Final\netty-handler-proxy-4.1.60.Final.jar;C:\Users\ASUS\.m2\repository\io\netty\netty-transport-native-epoll\4.1.60.Final\netty-transport-native-epoll-4.1.60.Final-linux-x86_64.jar;C:\Users\ASUS\.m2\repository\io\netty\netty-transport-native-kqueue\4.1.60.Final\netty-transport-native-kqueue-4.1.60.Final-osx-x86_64.jar;C:\Users\ASUS\.m2\repository\com\typesafe\netty\netty-reactive-streams\2.0.4\netty-reactive-streams-2.0.4.jar;C:\Users\ASUS\.m2\repository\com\sun\activation\jakarta.activation\1.2.2\jakarta.activation-1.2.2.jar;C:\Users\ASUS\.m2\repository\org\seleniumhq\selenium\selenium-safari-driver\4.5.0\selenium-safari-driver-4.5.0.jar;C:\Users\ASUS\.m2\repository\org\seleniumhq\selenium\selenium-java\4.7.2\selenium-java-4.7.2.jar;C:\Users\ASUS\.m2\repository\org\seleniumhq\selenium\selenium-devtools-v106\4.7.2\selenium-devtools-v106-4.7.2.jar;C:\Users\ASUS\.m2\repository\org\seleniumhq\selenium\selenium-devtools-v107\4.7.2\selenium-devtools-v107-4.7.2.jar;C:\Users\ASUS\.m2\repository\org\seleniumhq\selenium\selenium-devtools-v108\4.7.2\selenium-devtools-v108-4.7.2.jar;C:\Users\ASUS\.m2\repository\org\seleniumhq\selenium\selenium-devtools-v85\4.7.2\selenium-devtools-v85-4.7.2.jar;C:\Users\ASUS\.m2\repository\org\seleniumhq\selenium\selenium-firefox-driver\4.7.2\selenium-firefox-driver-4.7.2.jar;C:\Users\ASUS\.m2\repository\org\seleniumhq\selenium\selenium-support\4.7.2\selenium-support-4.7.2.jar;C:\Users\ASUS\.m2\repository\com\github\sommeri\less4j\1.12.0\less4j-1.12.0.jar;C:\Users\ASUS\.m2\repository\commons-beanutils\commons-beanutils\1.8.3\commons-beanutils-1.8.3.jar;C:\Users\ASUS\.m2\repository\commons-logging\commons-logging\1.1.1\commons-logging-1.1.1.jar;C:\Users\ASUS\.m2\repository\org\json\json\20090211\json-20090211.jar;C:\Users\ASUS\.m2\repository\org\mozilla\rhino\1.7.7.2\rhino-1.7.7.2.jar;C:\Users\ASUS\.m2\repository\org\apache\tapestry\tapestry-test\5.8.3\tapestry-test-5.8.3.jar;C:\Users\ASUS\.m2\repository\org\apache\tapestry\tapestry-test-data\5.8.3\tapestry-test-data-5.8.3.jar;C:\Users\ASUS\.m2\repository\org\apache\tapestry\tapestry-runner\5.8.3\tapestry-runner-5.8.3.jar;C:\Users\ASUS\.m2\repository\org\apache\tapestry\tapestry-test-constants\5.8.3\tapestry-test-constants-5.8.3.jar;C:\Users\ASUS\.m2\repository\org\eclipse\jetty\jetty-server\8.1.19.v20160209\jetty-server-8.1.19.v20160209.jar;C:\Users\ASUS\.m2\repository\org\eclipse\jetty\orbit\javax.servlet\3.0.0.v201112011016\javax.servlet-3.0.0.v201112011016.jar;C:\Users\ASUS\.m2\repository\org\eclipse\jetty\jetty-continuation\8.1.19.v20160209\jetty-continuation-8.1.19.v20160209.jar;C:\Users\ASUS\.m2\repository\org\eclipse\jetty\jetty-http\8.1.19.v20160209\jetty-http-8.1.19.v20160209.jar;C:\Users\ASUS\.m2\repository\org\eclipse\jetty\jetty-io\8.1.19.v20160209\jetty-io-8.1.19.v20160209.jar;C:\Users\ASUS\.m2\repository\org\eclipse\jetty\jetty-jndi\8.1.19.v20160209\jetty-jndi-8.1.19.v20160209.jar;C:\Users\ASUS\.m2\repository\org\eclipse\jetty\orbit\javax.mail.glassfish\1.4.1.v201005082020\javax.mail.glassfish-1.4.1.v201005082020.jar;C:\Users\ASUS\.m2\repository\org\eclipse\jetty\orbit\javax.activation\1.1.0.v201105071233\javax.activation-1.1.0.v201105071233.jar;C:\Users\ASUS\.m2\repository\org\eclipse\jetty\jetty-plus\8.1.19.v20160209\jetty-plus-8.1.19.v20160209.jar;C:\Users\ASUS\.m2\repository\org\eclipse\jetty\orbit\javax.transaction\1.1.1.v201105210645\javax.transaction-1.1.1.v201105210645.jar;C:\Users\ASUS\.m2\repository\org\eclipse\jetty\jetty-webapp\8.1.19.v20160209\jetty-webapp-8.1.19.v20160209.jar;C:\Users\ASUS\.m2\repository\org\eclipse\jetty\jetty-xml\8.1.19.v20160209\jetty-xml-8.1.19.v20160209.jar;C:\Users\ASUS\.m2\repository\org\eclipse\jetty\jetty-util\8.1.19.v20160209\jetty-util-8.1.19.v20160209.jar;C:\Users\ASUS\.m2\repository\org\eclipse\jetty\jetty-servlet\8.1.19.v20160209\jetty-servlet-8.1.19.v20160209.jar;C:\Users\ASUS\.m2\repository\org\eclipse\jetty\jetty-security\8.1.19.v20160209\jetty-security-8.1.19.v20160209.jar;C:\Users\ASUS\.m2\repository\org\apache\tomcat\tomcat-catalina\7.0.70\tomcat-catalina-7.0.70.jar;C:\Users\ASUS\.m2\repository\org\apache\tomcat\tomcat-servlet-api\7.0.70\tomcat-servlet-api-7.0.70.jar;C:\Users\ASUS\.m2\repository\org\apache\tomcat\tomcat-juli\7.0.70\tomcat-juli-7.0.70.jar;C:\Users\ASUS\.m2\repository\org\apache\tomcat\tomcat-annotations-api\7.0.70\tomcat-annotations-api-7.0.70.jar;C:\Users\ASUS\.m2\repository\org\apache\tomcat\tomcat-api\7.0.70\tomcat-api-7.0.70.jar;C:\Users\ASUS\.m2\repository\org\apache\tomcat\tomcat-util\7.0.70\tomcat-util-7.0.70.jar;C:\Users\ASUS\.m2\repository\org\apache\tomcat\tomcat-coyote\7.0.70\tomcat-coyote-7.0.70.jar;C:\Users\ASUS\.m2\repository\org\apache\tomcat\tomcat-jasper\7.0.70\tomcat-jasper-7.0.70.jar;C:\Users\ASUS\.m2\repository\org\apache\tomcat\tomcat-jsp-api\7.0.70\tomcat-jsp-api-7.0.70.jar;C:\Users\ASUS\.m2\repository\org\apache\tomcat\tomcat-el-api\7.0.70\tomcat-el-api-7.0.70.jar;C:\Users\ASUS\.m2\repository\org\eclipse\jdt\core\compiler\ecj\4.4.2\ecj-4.4.2.jar;C:\Users\ASUS\.m2\repository\org\apache\tomcat\tomcat-jasper-el\7.0.70\tomcat-jasper-el-7.0.70.jar;C:\Users\ASUS\.m2\repository\org\apache\tomcat\tomcat-dbcp\7.0.70\tomcat-dbcp-7.0.70.jar;C:\Users\ASUS\.m2\repository\commons-cli\commons-cli\1.2\commons-cli-1.2.jar;C:\Users\ASUS\.m2\repository\org\testng\testng\6.14.3\testng-6.14.3.jar;C:\Users\ASUS\.m2\repository\com\beust\jcommander\1.72\jcommander-1.72.jar;C:\Users\ASUS\.m2\repository\org\apache-extras\beanshell\bsh\2.0b6\bsh-2.0b6.jar;C:\Users\ASUS\.m2\repository\org\easymock\easymock\3.3.1\easymock-3.3.1.jar;C:\Users\ASUS\.m2\repository\cglib\cglib\3.1\cglib-3.1.jar;C:\Users\ASUS\.m2\repository\org\ow2\asm\asm\5.0.3\asm-5.0.3.jar;C:\Users\ASUS\.m2\repository\org\objenesis\objenesis\2.1\objenesis-2.1.jar;C:\Users\ASUS\.m2\repository\io\github\bonigarcia\webdrivermanager\5.3.1\webdrivermanager-5.3.1.jar;C:\Users\ASUS\.m2\repository\com\github\docker-java\docker-java\3.2.13\docker-java-3.2.13.jar;C:\Users\ASUS\.m2\repository\com\github\docker-java\docker-java-core\3.2.13\docker-java-core-3.2.13.jar;C:\Users\ASUS\.m2\repository\com\github\docker-java\docker-java-api\3.2.13\docker-java-api-3.2.13.jar;C:\Users\ASUS\.m2\repository\org\apache\commons\commons-compress\1.21\commons-compress-1.21.jar;C:\Users\ASUS\.m2\repository\org\bouncycastle\bcpkix-jdk15on\1.64\bcpkix-jdk15on-1.64.jar;C:\Users\ASUS\.m2\repository\org\bouncycastle\bcprov-jdk15on\1.64\bcprov-jdk15on-1.64.jar;C:\Users\ASUS\.m2\repository\org\slf4j\jcl-over-slf4j\1.7.30\jcl-over-slf4j-1.7.30.jar;C:\Users\ASUS\.m2\repository\com\github\docker-java\docker-java-transport-httpclient5\3.2.13\docker-java-transport-httpclient5-3.2.13.jar;C:\Users\ASUS\.m2\repository\com\github\docker-java\docker-java-transport\3.2.13\docker-java-transport-3.2.13.jar;C:\Users\ASUS\.m2\repository\net\java\dev\jna\jna\5.8.0\jna-5.8.0.jar;C:\Users\ASUS\.m2\repository\org\brotli\dec\0.1.2\dec-0.1.2.jar;C:\Users\ASUS\.m2\repository\org\apache\httpcomponents\client5\httpclient5\5.1.3\httpclient5-5.1.3.jar;C:\Users\ASUS\.m2\repository\org\apache\httpcomponents\core5\httpcore5\5.1.3\httpcore5-5.1.3.jar;C:\Users\ASUS\.m2\repository\org\apache\httpcomponents\core5\httpcore5-h2\5.1.3\httpcore5-h2-5.1.3.jar;C:\Users\ASUS\.m2\repository\org\junit\jupiter\junit-jupiter\5.8.2\junit-jupiter-5.8.2.jar;C:\Users\ASUS\.m2\repository\org\junit\jupiter\junit-jupiter-api\5.8.2\junit-jupiter-api-5.8.2.jar;C:\Users\ASUS\.m2\repository\org\opentest4j\opentest4j\1.2.0\opentest4j-1.2.0.jar;C:\Users\ASUS\.m2\repository\org\junit\platform\junit-platform-commons\1.8.2\junit-platform-commons-1.8.2.jar;C:\Users\ASUS\.m2\repository\org\apiguardian\apiguardian-api\1.1.2\apiguardian-api-1.1.2.jar;C:\Users\ASUS\.m2\repository\org\junit\jupiter\junit-jupiter-params\5.8.2\junit-jupiter-params-5.8.2.jar;C:\Users\ASUS\.m2\repository\org\junit\jupiter\junit-jupiter-engine\5.8.2\junit-jupiter-engine-5.8.2.jar;C:\Users\ASUS\.m2\repository\org\junit\platform\junit-platform-engine\1.8.2\junit-platform-engine-1.8.2.jar;C:\Users\ASUS\.m2\repository\org\apache\logging\log4j\log4j-api\2.17.2\log4j-api-2.17.2.jar;C:\Users\ASUS\.m2\repository\org\apache\logging\log4j\log4j-core\2.17.2\log4j-core-2.17.2.jar;C:\Users\ASUS\.m2\repository\org\apache\logging\log4j\log4j-slf4j-impl\2.17.2\log4j-slf4j-impl-2.17.2.jar;C:\Users\ASUS\.m2\repository\org\slf4j\slf4j-api\1.7.25\slf4j-api-1.7.25.jar;C:\Users\ASUS\.m2\repository\org\eclipse\yasson\2.0.4\yasson-2.0.4.jar;C:\Users\ASUS\.m2\repository\jakarta\json\bind\jakarta.json.bind-api\2.0.0\jakarta.json.bind-api-2.0.0.jar;C:\Users\ASUS\.m2\repository\jakarta\json\jakarta.json-api\2.0.0\jakarta.json-api-2.0.0.jar;C:\Users\ASUS\.m2\repository\org\glassfish\jakarta.json\2.0.0\jakarta.json-2.0.0-module.jar;C:\Users\ASUS\.m2\repository\com\fasterxml\jackson\core\jackson-core\2.13.1\jackson-core-2.13.1.jar;C:\Users\ASUS\.m2\repository\com\fasterxml\jackson\core\jackson-databind\2.13.1\jackson-databind-2.13.1.jar;C:\Users\ASUS\.m2\repository\com\fasterxml\jackson\core\jackson-annotations\2.13.1\jackson-annotations-2.13.1.jar;C:\Users\ASUS\.m2\repository\com\fasterxml\jackson\dataformat\jackson-dataformat-yaml\2.13.1\jackson-dataformat-yaml-2.13.1.jar;C:\Users\ASUS\.m2\repository\org\yaml\snakeyaml\1.28\snakeyaml-1.28.jar;C:\Users\ASUS\.m2\repository\javax\servlet\javax.servlet-api\3.1.0\javax.servlet-api-3.1.0.jar;C:\Users\ASUS\.m2\repository\mysql\mysql-connector-java\8.0.27\mysql-connector-java-8.0.27.jar;C:\Users\ASUS\.m2\repository\com\google\protobuf\protobuf-java\3.11.4\protobuf-java-3.11.4.jar;C:\Users\ASUS\.m2\repository\org\apache\tapestry\tapestry-hibernate\5.8.3\tapestry-hibernate-5.8.3.jar;C:\Users\ASUS\.m2\repository\org\apache\tapestry\tapestry-hibernate-core\5.8.3\tapestry-hibernate-core-5.8.3.jar;C:\Users\ASUS\.m2\repository\org\hibernate\hibernate-core\5.4.32.Final\hibernate-core-5.4.32.Final.jar;C:\Users\ASUS\.m2\repository\javax\persistence\javax.persistence-api\2.2\javax.persistence-api-2.2.jar;C:\Users\ASUS\.m2\repository\org\javassist\javassist\3.27.0-GA\javassist-3.27.0-GA.jar;C:\Users\ASUS\.m2\repository\antlr\antlr\2.7.7\antlr-2.7.7.jar;C:\Users\ASUS\.m2\repository\org\jboss\spec\javax\transaction\jboss-transaction-api_1.2_spec\1.1.1.Final\jboss-transaction-api_1.2_spec-1.1.1.Final.jar;C:\Users\ASUS\.m2\repository\org\jboss\jandex\2.2.3.Final\jandex-2.2.3.Final.jar;C:\Users\ASUS\.m2\repository\com\fasterxml\classmate\1.5.1\classmate-1.5.1.jar;C:\Users\ASUS\.m2\repository\org\dom4j\dom4j\2.1.3\dom4j-2.1.3.jar;C:\Users\ASUS\.m2\repository\org\hibernate\common\hibernate-commons-annotations\5.1.2.Final\hibernate-commons-annotations-5.1.2.Final.jar;C:\Users\ASUS\.m2\repository\javax\xml\bind\jaxb-api\2.3.1\jaxb-api-2.3.1.jar;C:\Users\ASUS\.m2\repository\org\jboss\logging\jboss-logging\3.3.0.Final\jboss-logging-3.3.0.Final.jar;C:\Users\ASUS\.m2\repository\org\hsqldb\hsqldb\2.3.2\hsqldb-2.3.2.jar;C:\Users\ASUS\.m2\repository\org\apache\tapestry\tapestry-upload\5.8.3\tapestry-upload-5.8.3.jar;C:\Users\ASUS\.m2\repository\commons-fileupload\commons-fileupload\1.3.2\commons-fileupload-1.3.2.jar;C:\Users\ASUS\.m2\repository\commons-io\commons-io\2.4\commons-io-2.4.jar;C:\Users\ASUS\.m2\repository\javax\mail\javax.mail-api\1.4.7\javax.mail-api-1.4.7.jar;C:\Users\ASUS\.m2\repository\javax\activation\activation\1.1\activation-1.1.jar;C:\Users\ASUS\.m2\repository\javax\activation\javax.activation-api\1.2.0\javax.activation-api-1.2.0.jar;"/>
    <property name="java.vm.vendor" value="Oracle Corporation"/>
    <property name="sun.arch.data.model" value="64"/>
    <property name="user.variant" value=""/>
    <property name="java.vendor.url" value="https://java.oracle.com/"/>
    <property name="user.timezone" value="Asia/Calcutta"/>
    <property name="os.name" value="Windows 11"/>
    <property name="java.vm.specification.version" value="17"/>
    <property name="sun.java.launcher" value="SUN_STANDARD"/>
    <property name="user.country" value="IN"/>
    <property name="sun.boot.library.path" value="C:\Program Files\Java\jdk-17.0.5\bin"/>
    <property name="sun.java.command" value="C:\Users\ASUS\AppData\Local\Temp\surefire11030477228707084628\surefirebooter10913075572869212500.jar C:\Users\ASUS\AppData\Local\Temp\surefire11030477228707084628 2023-09-09T16-55-12_502-jvmRun1 surefire6377932091460385149tmp surefire_06198179212826201438tmp"/>
    <property name="jdk.debug" value="release"/>
    <property name="surefire.test.class.path" value="C:\Users\ASUS\eclipse-workspace\Sampleproject\target\test-classes;C:\Users\ASUS\eclipse-workspace\Sampleproject\target\classes;C:\Users\ASUS\.m2\repository\org\apache\tapestry\tapestry-core\5.8.3\tapestry-core-5.8.3.jar;C:\Users\ASUS\.m2\repository\org\apache\tapestry\tapestry-ioc\5.8.3\tapestry-ioc-5.8.3.jar;C:\Users\ASUS\.m2\repository\org\apache\tapestry\tapestry-func\5.8.3\tapestry-func-5.8.3.jar;C:\Users\ASUS\.m2\repository\org\apache\tapestry\tapestry5-annotations\5.8.3\tapestry5-annotations-5.8.3.jar;C:\Users\ASUS\.m2\repository\org\apache\tapestry\plastic\5.8.3\plastic-5.8.3.jar;C:\Users\ASUS\.m2\repository\javax\inject\javax.inject\1\javax.inject-1.jar;C:\Users\ASUS\.m2\repository\org\apache\tapestry\tapestry-json\5.8.3\tapestry-json-5.8.3.jar;C:\Users\ASUS\.m2\repository\org\apache\tapestry\beanmodel\5.8.3\beanmodel-5.8.3.jar;C:\Users\ASUS\.m2\repository\org\apache\tapestry\commons\5.8.3\commons-5.8.3.jar;C:\Users\ASUS\.m2\repository\org\antlr\antlr\3.5.2\antlr-3.5.2.jar;C:\Users\ASUS\.m2\repository\org\antlr\ST4\4.0.8\ST4-4.0.8.jar;C:\Users\ASUS\.m2\repository\org\antlr\antlr-runtime\3.5.2\antlr-runtime-3.5.2.jar;C:\Users\ASUS\.m2\repository\org\apache\tapestry\tapestry-http\5.8.3\tapestry-http-5.8.3.jar;C:\Users\ASUS\.m2\repository\org\apache\commons\commons-lang3\3.4\commons-lang3-3.4.jar;C:\Users\ASUS\.m2\repository\jakarta\annotation\jakarta.annotation-api\1.3.4\jakarta.annotation-api-1.3.4.jar;C:\Users\ASUS\.m2\repository\jakarta\xml\bind\jakarta.xml.bind-api\2.3.2\jakarta.xml.bind-api-2.3.2.jar;C:\Users\ASUS\.m2\repository\jakarta\activation\jakarta.activation-api\1.2.1\jakarta.activation-api-1.2.1.jar;C:\Users\ASUS\.m2\repository\org\glassfish\jaxb\jaxb-runtime\2.3.2\jaxb-runtime-2.3.2.jar;C:\Users\ASUS\.m2\repository\org\glassfish\jaxb\txw2\2.3.2\txw2-2.3.2.jar;C:\Users\ASUS\.m2\repository\com\sun\istack\istack-commons-runtime\3.0.8\istack-commons-runtime-3.0.8.jar;C:\Users\ASUS\.m2\repository\org\jvnet\staxex\stax-ex\1.8.1\stax-ex-1.8.1.jar;C:\Users\ASUS\.m2\repository\com\sun\xml\fastinfoset\FastInfoset\1.2.16\FastInfoset-1.2.16.jar;C:\Users\ASUS\.m2\repository\com\sun\xml\ws\jaxws-rt\2.3.2\jaxws-rt-2.3.2.jar;C:\Users\ASUS\.m2\repository\jakarta\xml\ws\jakarta.xml.ws-api\2.3.2\jakarta.xml.ws-api-2.3.2.jar;C:\Users\ASUS\.m2\repository\jakarta\xml\soap\jakarta.xml.soap-api\1.4.1\jakarta.xml.soap-api-1.4.1.jar;C:\Users\ASUS\.m2\repository\jakarta\jws\jakarta.jws-api\1.1.1\jakarta.jws-api-1.1.1.jar;C:\Users\ASUS\.m2\repository\com\sun\xml\ws\policy\2.7.6\policy-2.7.6.jar;C:\Users\ASUS\.m2\repository\org\glassfish\gmbal\gmbal\4.0.0\gmbal-4.0.0.jar;C:\Users\ASUS\.m2\repository\org\glassfish\external\management-api\3.2.1\management-api-3.2.1.jar;C:\Users\ASUS\.m2\repository\org\glassfish\pfl\pfl-basic\4.0.1\pfl-basic-4.0.1.jar;C:\Users\ASUS\.m2\repository\org\glassfish\pfl\pfl-tf\4.0.1\pfl-tf-4.0.1.jar;C:\Users\ASUS\.m2\repository\org\glassfish\pfl\pfl-asm\4.0.1\pfl-asm-4.0.1.jar;C:\Users\ASUS\.m2\repository\org\glassfish\pfl\pfl-dynamic\4.0.1\pfl-dynamic-4.0.1.jar;C:\Users\ASUS\.m2\repository\org\glassfish\pfl\pfl-basic-tools\4.0.1\pfl-basic-tools-4.0.1.jar;C:\Users\ASUS\.m2\repository\org\glassfish\pfl\pfl-tf-tools\4.0.1\pfl-tf-tools-4.0.1.jar;C:\Users\ASUS\.m2\repository\com\sun\xml\stream\buffer\streambuffer\1.5.7\streambuffer-1.5.7.jar;C:\Users\ASUS\.m2\repository\org\jvnet\mimepull\mimepull\1.9.11\mimepull-1.9.11.jar;C:\Users\ASUS\.m2\repository\org\glassfish\ha\ha-api\3.1.12\ha-api-3.1.12.jar;C:\Users\ASUS\.m2\repository\com\sun\xml\messaging\saaj\saaj-impl\1.5.1\saaj-impl-1.5.1.jar;C:\Users\ASUS\.m2\repository\com\fasterxml\woodstox\woodstox-core\5.1.0\woodstox-core-5.1.0.jar;C:\Users\ASUS\.m2\repository\org\codehaus\woodstox\stax2-api\4.1\stax2-api-4.1.jar;C:\Users\ASUS\.m2\repository\commons-codec\commons-codec\1.10\commons-codec-1.10.jar;C:\Users\ASUS\.m2\repository\org\apache\tapestry\tapestry-webresources\5.8.3\tapestry-webresources-5.8.3.jar;C:\Users\ASUS\.m2\repository\com\google\javascript\closure-compiler-unshaded\v20200504\closure-compiler-unshaded-v20200504.jar;C:\Users\ASUS\.m2\repository\com\google\javascript\closure-compiler-externs\v20200504\closure-compiler-externs-v20200504.jar;C:\Users\ASUS\.m2\repository\args4j\args4j\2.0.26\args4j-2.0.26.jar;C:\Users\ASUS\.m2\repository\com\google\errorprone\error_prone_annotations\2.3.1\error_prone_annotations-2.3.1.jar;C:\Users\ASUS\.m2\repository\com\google\guava\guava\25.1-jre\guava-25.1-jre.jar;C:\Users\ASUS\.m2\repository\org\checkerframework\checker-qual\2.0.0\checker-qual-2.0.0.jar;C:\Users\ASUS\.m2\repository\com\google\j2objc\j2objc-annotations\1.1\j2objc-annotations-1.1.jar;C:\Users\ASUS\.m2\repository\org\codehaus\mojo\animal-sniffer-annotations\1.14\animal-sniffer-annotations-1.14.jar;C:\Users\ASUS\.m2\repository\com\google\code\gson\gson\2.7\gson-2.7.jar;C:\Users\ASUS\.m2\repository\com\google\code\findbugs\jsr305\3.0.1\jsr305-3.0.1.jar;C:\Users\ASUS\.m2\repository\com\google\jsinterop\jsinterop-annotations\1.0.2\jsinterop-annotations-1.0.2.jar;C:\Users\ASUS\.m2\repository\com\google\jsinterop\base\1.0.0\base-1.0.0.jar;C:\Users\ASUS\.m2\repository\com\google\elemental2\elemental2-core\1.0.0-RC1\elemental2-core-1.0.0-RC1.jar;C:\Users\ASUS\.m2\repository\com\google\re2j\re2j\1.3\re2j-1.3.jar;C:\Users\ASUS\.m2\repository\org\seleniumhq\selenium\selenium-leg-rc\4.5.0\selenium-leg-rc-4.5.0.jar;C:\Users\ASUS\.m2\repository\junit\junit\4.13.2\junit-4.13.2.jar;C:\Users\ASUS\.m2\repository\org\hamcrest\hamcrest-core\1.3\hamcrest-core-1.3.jar;C:\Users\ASUS\.m2\repository\org\seleniumhq\selenium\selenium-api\4.5.0\selenium-api-4.5.0.jar;C:\Users\ASUS\.m2\repository\org\seleniumhq\selenium\selenium-chrome-driver\4.5.0\selenium-chrome-driver-4.5.0.jar;C:\Users\ASUS\.m2\repository\com\google\auto\service\auto-service-annotations\1.0.1\auto-service-annotations-1.0.1.jar;C:\Users\ASUS\.m2\repository\com\google\auto\service\auto-service\1.0.1\auto-service-1.0.1.jar;C:\Users\ASUS\.m2\repository\com\google\auto\auto-common\1.2\auto-common-1.2.jar;C:\Users\ASUS\.m2\repository\org\seleniumhq\selenium\selenium-chromium-driver\4.5.0\selenium-chromium-driver-4.5.0.jar;C:\Users\ASUS\.m2\repository\org\seleniumhq\selenium\selenium-edge-driver\4.5.0\selenium-edge-driver-4.5.0.jar;C:\Users\ASUS\.m2\repository\org\seleniumhq\selenium\selenium-grid\4.5.0\selenium-grid-4.5.0.jar;C:\Users\ASUS\.m2\repository\com\graphql-java\graphql-java\19.1\graphql-java-19.1.jar;C:\Users\ASUS\.m2\repository\org\reactivestreams\reactive-streams\1.0.3\reactive-streams-1.0.3.jar;C:\Users\ASUS\.m2\repository\com\graphql-java\java-dataloader\3.2.0\java-dataloader-3.2.0.jar;C:\Users\ASUS\.m2\repository\dev\failsafe\failsafe\3.2.4\failsafe-3.2.4.jar;C:\Users\ASUS\.m2\repository\io\netty\netty-buffer\4.1.79.Final\netty-buffer-4.1.79.Final.jar;C:\Users\ASUS\.m2\repository\io\netty\netty-codec-http\4.1.79.Final\netty-codec-http-4.1.79.Final.jar;C:\Users\ASUS\.m2\repository\io\netty\netty-codec\4.1.79.Final\netty-codec-4.1.79.Final.jar;C:\Users\ASUS\.m2\repository\io\netty\netty-common\4.1.79.Final\netty-common-4.1.79.Final.jar;C:\Users\ASUS\.m2\repository\io\netty\netty-handler\4.1.79.Final\netty-handler-4.1.79.Final.jar;C:\Users\ASUS\.m2\repository\io\netty\netty-resolver\4.1.79.Final\netty-resolver-4.1.79.Final.jar;C:\Users\ASUS\.m2\repository\io\netty\netty-transport\4.1.79.Final\netty-transport-4.1.79.Final.jar;C:\Users\ASUS\.m2\repository\io\opentelemetry\opentelemetry-api\1.17.0\opentelemetry-api-1.17.0.jar;C:\Users\ASUS\.m2\repository\io\ous\jtoml\2.0.0\jtoml-2.0.0.jar;C:\Users\ASUS\.m2\repository\org\seleniumhq\selenium\selenium-devtools-v104\4.5.0\selenium-devtools-v104-4.5.0.jar;C:\Users\ASUS\.m2\repository\org\seleniumhq\selenium\selenium-devtools-v105\4.5.0\selenium-devtools-v105-4.5.0.jar;C:\Users\ASUS\.m2\repository\org\seleniumhq\selenium\selenium-http\4.5.0\selenium-http-4.5.0.jar;C:\Users\ASUS\.m2\repository\org\zeromq\jeromq\0.5.2\jeromq-0.5.2.jar;C:\Users\ASUS\.m2\repository\eu\neilalexander\jnacl\1.0.0\jnacl-1.0.0.jar;C:\Users\ASUS\.m2\repository\org\seleniumhq\selenium\selenium-ie-driver\4.5.0\selenium-ie-driver-4.5.0.jar;C:\Users\ASUS\.m2\repository\org\seleniumhq\selenium\selenium-json\4.5.0\selenium-json-4.5.0.jar;C:\Users\ASUS\.m2\repository\org\seleniumhq\selenium\selenium-remote-driver\4.5.0\selenium-remote-driver-4.5.0.jar;C:\Users\ASUS\.m2\repository\io\netty\netty-transport-classes-epoll\4.1.79.Final\netty-transport-classes-epoll-4.1.79.Final.jar;C:\Users\ASUS\.m2\repository\io\netty\netty-transport-classes-kqueue\4.1.79.Final\netty-transport-classes-kqueue-4.1.79.Final.jar;C:\Users\ASUS\.m2\repository\io\netty\netty-transport-native-epoll\4.1.79.Final\netty-transport-native-epoll-4.1.79.Final.jar;C:\Users\ASUS\.m2\repository\io\netty\netty-transport-native-kqueue\4.1.79.Final\netty-transport-native-kqueue-4.1.79.Final.jar;C:\Users\ASUS\.m2\repository\io\netty\netty-transport-native-unix-common\4.1.79.Final\netty-transport-native-unix-common-4.1.79.Final.jar;C:\Users\ASUS\.m2\repository\io\opentelemetry\opentelemetry-context\1.17.0\opentelemetry-context-1.17.0.jar;C:\Users\ASUS\.m2\repository\io\opentelemetry\opentelemetry-exporter-logging\1.17.0\opentelemetry-exporter-logging-1.17.0.jar;C:\Users\ASUS\.m2\repository\io\opentelemetry\opentelemetry-sdk-metrics\1.17.0\opentelemetry-sdk-metrics-1.17.0.jar;C:\Users\ASUS\.m2\repository\io\opentelemetry\opentelemetry-sdk-logs\1.17.0-alpha\opentelemetry-sdk-logs-1.17.0-alpha.jar;C:\Users\ASUS\.m2\repository\io\opentelemetry\opentelemetry-sdk-common\1.17.0\opentelemetry-sdk-common-1.17.0.jar;C:\Users\ASUS\.m2\repository\io\opentelemetry\opentelemetry-sdk-extension-autoconfigure-spi\1.17.0\opentelemetry-sdk-extension-autoconfigure-spi-1.17.0.jar;C:\Users\ASUS\.m2\repository\io\opentelemetry\opentelemetry-sdk-extension-autoconfigure\1.17.0-alpha\opentelemetry-sdk-extension-autoconfigure-1.17.0-alpha.jar;C:\Users\ASUS\.m2\repository\io\opentelemetry\opentelemetry-exporter-common\1.17.0\opentelemetry-exporter-common-1.17.0.jar;C:\Users\ASUS\.m2\repository\io\opentelemetry\opentelemetry-sdk-trace\1.17.0\opentelemetry-sdk-trace-1.17.0.jar;C:\Users\ASUS\.m2\repository\io\opentelemetry\opentelemetry-sdk\1.17.0\opentelemetry-sdk-1.17.0.jar;C:\Users\ASUS\.m2\repository\io\opentelemetry\opentelemetry-semconv\1.17.0-alpha\opentelemetry-semconv-1.17.0-alpha.jar;C:\Users\ASUS\.m2\repository\net\bytebuddy\byte-buddy\1.12.14\byte-buddy-1.12.14.jar;C:\Users\ASUS\.m2\repository\org\apache\commons\commons-exec\1.3\commons-exec-1.3.jar;C:\Users\ASUS\.m2\repository\org\asynchttpclient\async-http-client\2.12.3\async-http-client-2.12.3.jar;C:\Users\ASUS\.m2\repository\org\asynchttpclient\async-http-client-netty-utils\2.12.3\async-http-client-netty-utils-2.12.3.jar;C:\Users\ASUS\.m2\repository\io\netty\netty-codec-socks\4.1.60.Final\netty-codec-socks-4.1.60.Final.jar;C:\Users\ASUS\.m2\repository\io\netty\netty-handler-proxy\4.1.60.Final\netty-handler-proxy-4.1.60.Final.jar;C:\Users\ASUS\.m2\repository\io\netty\netty-transport-native-epoll\4.1.60.Final\netty-transport-native-epoll-4.1.60.Final-linux-x86_64.jar;C:\Users\ASUS\.m2\repository\io\netty\netty-transport-native-kqueue\4.1.60.Final\netty-transport-native-kqueue-4.1.60.Final-osx-x86_64.jar;C:\Users\ASUS\.m2\repository\com\typesafe\netty\netty-reactive-streams\2.0.4\netty-reactive-streams-2.0.4.jar;C:\Users\ASUS\.m2\repository\com\sun\activation\jakarta.activation\1.2.2\jakarta.activation-1.2.2.jar;C:\Users\ASUS\.m2\repository\org\seleniumhq\selenium\selenium-safari-driver\4.5.0\selenium-safari-driver-4.5.0.jar;C:\Users\ASUS\.m2\repository\org\seleniumhq\selenium\selenium-java\4.7.2\selenium-java-4.7.2.jar;C:\Users\ASUS\.m2\repository\org\seleniumhq\selenium\selenium-devtools-v106\4.7.2\selenium-devtools-v106-4.7.2.jar;C:\Users\ASUS\.m2\repository\org\seleniumhq\selenium\selenium-devtools-v107\4.7.2\selenium-devtools-v107-4.7.2.jar;C:\Users\ASUS\.m2\repository\org\seleniumhq\selenium\selenium-devtools-v108\4.7.2\selenium-devtools-v108-4.7.2.jar;C:\Users\ASUS\.m2\repository\org\seleniumhq\selenium\selenium-devtools-v85\4.7.2\selenium-devtools-v85-4.7.2.jar;C:\Users\ASUS\.m2\repository\org\seleniumhq\selenium\selenium-firefox-driver\4.7.2\selenium-firefox-driver-4.7.2.jar;C:\Users\ASUS\.m2\repository\org\seleniumhq\selenium\selenium-support\4.7.2\selenium-support-4.7.2.jar;C:\Users\ASUS\.m2\repository\com\github\sommeri\less4j\1.12.0\less4j-1.12.0.jar;C:\Users\ASUS\.m2\repository\commons-beanutils\commons-beanutils\1.8.3\commons-beanutils-1.8.3.jar;C:\Users\ASUS\.m2\repository\commons-logging\commons-logging\1.1.1\commons-logging-1.1.1.jar;C:\Users\ASUS\.m2\repository\org\json\json\20090211\json-20090211.jar;C:\Users\ASUS\.m2\repository\org\mozilla\rhino\1.7.7.2\rhino-1.7.7.2.jar;C:\Users\ASUS\.m2\repository\org\apache\tapestry\tapestry-test\5.8.3\tapestry-test-5.8.3.jar;C:\Users\ASUS\.m2\repository\org\apache\tapestry\tapestry-test-data\5.8.3\tapestry-test-data-5.8.3.jar;C:\Users\ASUS\.m2\repository\org\apache\tapestry\tapestry-runner\5.8.3\tapestry-runner-5.8.3.jar;C:\Users\ASUS\.m2\repository\org\apache\tapestry\tapestry-test-constants\5.8.3\tapestry-test-constants-5.8.3.jar;C:\Users\ASUS\.m2\repository\org\eclipse\jetty\jetty-server\8.1.19.v20160209\jetty-server-8.1.19.v20160209.jar;C:\Users\ASUS\.m2\repository\org\eclipse\jetty\orbit\javax.servlet\3.0.0.v201112011016\javax.servlet-3.0.0.v201112011016.jar;C:\Users\ASUS\.m2\repository\org\eclipse\jetty\jetty-continuation\8.1.19.v20160209\jetty-continuation-8.1.19.v20160209.jar;C:\Users\ASUS\.m2\repository\org\eclipse\jetty\jetty-http\8.1.19.v20160209\jetty-http-8.1.19.v20160209.jar;C:\Users\ASUS\.m2\repository\org\eclipse\jetty\jetty-io\8.1.19.v20160209\jetty-io-8.1.19.v20160209.jar;C:\Users\ASUS\.m2\repository\org\eclipse\jetty\jetty-jndi\8.1.19.v20160209\jetty-jndi-8.1.19.v20160209.jar;C:\Users\ASUS\.m2\repository\org\eclipse\jetty\orbit\javax.mail.glassfish\1.4.1.v201005082020\javax.mail.glassfish-1.4.1.v201005082020.jar;C:\Users\ASUS\.m2\repository\org\eclipse\jetty\orbit\javax.activation\1.1.0.v201105071233\javax.activation-1.1.0.v201105071233.jar;C:\Users\ASUS\.m2\repository\org\eclipse\jetty\jetty-plus\8.1.19.v20160209\jetty-plus-8.1.19.v20160209.jar;C:\Users\ASUS\.m2\repository\org\eclipse\jetty\orbit\javax.transaction\1.1.1.v201105210645\javax.transaction-1.1.1.v201105210645.jar;C:\Users\ASUS\.m2\repository\org\eclipse\jetty\jetty-webapp\8.1.19.v20160209\jetty-webapp-8.1.19.v20160209.jar;C:\Users\ASUS\.m2\repository\org\eclipse\jetty\jetty-xml\8.1.19.v20160209\jetty-xml-8.1.19.v20160209.jar;C:\Users\ASUS\.m2\repository\org\eclipse\jetty\jetty-util\8.1.19.v20160209\jetty-util-8.1.19.v20160209.jar;C:\Users\ASUS\.m2\repository\org\eclipse\jetty\jetty-servlet\8.1.19.v20160209\jetty-servlet-8.1.19.v20160209.jar;C:\Users\ASUS\.m2\repository\org\eclipse\jetty\jetty-security\8.1.19.v20160209\jetty-security-8.1.19.v20160209.jar;C:\Users\ASUS\.m2\repository\org\apache\tomcat\tomcat-catalina\7.0.70\tomcat-catalina-7.0.70.jar;C:\Users\ASUS\.m2\repository\org\apache\tomcat\tomcat-servlet-api\7.0.70\tomcat-servlet-api-7.0.70.jar;C:\Users\ASUS\.m2\repository\org\apache\tomcat\tomcat-juli\7.0.70\tomcat-juli-7.0.70.jar;C:\Users\ASUS\.m2\repository\org\apache\tomcat\tomcat-annotations-api\7.0.70\tomcat-annotations-api-7.0.70.jar;C:\Users\ASUS\.m2\repository\org\apache\tomcat\tomcat-api\7.0.70\tomcat-api-7.0.70.jar;C:\Users\ASUS\.m2\repository\org\apache\tomcat\tomcat-util\7.0.70\tomcat-util-7.0.70.jar;C:\Users\ASUS\.m2\repository\org\apache\tomcat\tomcat-coyote\7.0.70\tomcat-coyote-7.0.70.jar;C:\Users\ASUS\.m2\repository\org\apache\tomcat\tomcat-jasper\7.0.70\tomcat-jasper-7.0.70.jar;C:\Users\ASUS\.m2\repository\org\apache\tomcat\tomcat-jsp-api\7.0.70\tomcat-jsp-api-7.0.70.jar;C:\Users\ASUS\.m2\repository\org\apache\tomcat\tomcat-el-api\7.0.70\tomcat-el-api-7.0.70.jar;C:\Users\ASUS\.m2\repository\org\eclipse\jdt\core\compiler\ecj\4.4.2\ecj-4.4.2.jar;C:\Users\ASUS\.m2\repository\org\apache\tomcat\tomcat-jasper-el\7.0.70\tomcat-jasper-el-7.0.70.jar;C:\Users\ASUS\.m2\repository\org\apache\tomcat\tomcat-dbcp\7.0.70\tomcat-dbcp-7.0.70.jar;C:\Users\ASUS\.m2\repository\commons-cli\commons-cli\1.2\commons-cli-1.2.jar;C:\Users\ASUS\.m2\repository\org\testng\testng\6.14.3\testng-6.14.3.jar;C:\Users\ASUS\.m2\repository\com\beust\jcommander\1.72\jcommander-1.72.jar;C:\Users\ASUS\.m2\repository\org\apache-extras\beanshell\bsh\2.0b6\bsh-2.0b6.jar;C:\Users\ASUS\.m2\repository\org\easymock\easymock\3.3.1\easymock-3.3.1.jar;C:\Users\ASUS\.m2\repository\cglib\cglib\3.1\cglib-3.1.jar;C:\Users\ASUS\.m2\repository\org\ow2\asm\asm\5.0.3\asm-5.0.3.jar;C:\Users\ASUS\.m2\repository\org\objenesis\objenesis\2.1\objenesis-2.1.jar;C:\Users\ASUS\.m2\repository\io\github\bonigarcia\webdrivermanager\5.3.1\webdrivermanager-5.3.1.jar;C:\Users\ASUS\.m2\repository\com\github\docker-java\docker-java\3.2.13\docker-java-3.2.13.jar;C:\Users\ASUS\.m2\repository\com\github\docker-java\docker-java-core\3.2.13\docker-java-core-3.2.13.jar;C:\Users\ASUS\.m2\repository\com\github\docker-java\docker-java-api\3.2.13\docker-java-api-3.2.13.jar;C:\Users\ASUS\.m2\repository\org\apache\commons\commons-compress\1.21\commons-compress-1.21.jar;C:\Users\ASUS\.m2\repository\org\bouncycastle\bcpkix-jdk15on\1.64\bcpkix-jdk15on-1.64.jar;C:\Users\ASUS\.m2\repository\org\bouncycastle\bcprov-jdk15on\1.64\bcprov-jdk15on-1.64.jar;C:\Users\ASUS\.m2\repository\org\slf4j\jcl-over-slf4j\1.7.30\jcl-over-slf4j-1.7.30.jar;C:\Users\ASUS\.m2\repository\com\github\docker-java\docker-java-transport-httpclient5\3.2.13\docker-java-transport-httpclient5-3.2.13.jar;C:\Users\ASUS\.m2\repository\com\github\docker-java\docker-java-transport\3.2.13\docker-java-transport-3.2.13.jar;C:\Users\ASUS\.m2\repository\net\java\dev\jna\jna\5.8.0\jna-5.8.0.jar;C:\Users\ASUS\.m2\repository\org\brotli\dec\0.1.2\dec-0.1.2.jar;C:\Users\ASUS\.m2\repository\org\apache\httpcomponents\client5\httpclient5\5.1.3\httpclient5-5.1.3.jar;C:\Users\ASUS\.m2\repository\org\apache\httpcomponents\core5\httpcore5\5.1.3\httpcore5-5.1.3.jar;C:\Users\ASUS\.m2\repository\org\apache\httpcomponents\core5\httpcore5-h2\5.1.3\httpcore5-h2-5.1.3.jar;C:\Users\ASUS\.m2\repository\org\junit\jupiter\junit-jupiter\5.8.2\junit-jupiter-5.8.2.jar;C:\Users\ASUS\.m2\repository\org\junit\jupiter\junit-jupiter-api\5.8.2\junit-jupiter-api-5.8.2.jar;C:\Users\ASUS\.m2\repository\org\opentest4j\opentest4j\1.2.0\opentest4j-1.2.0.jar;C:\Users\ASUS\.m2\repository\org\junit\platform\junit-platform-commons\1.8.2\junit-platform-commons-1.8.2.jar;C:\Users\ASUS\.m2\repository\org\apiguardian\apiguardian-api\1.1.2\apiguardian-api-1.1.2.jar;C:\Users\ASUS\.m2\repository\org\junit\jupiter\junit-jupiter-params\5.8.2\junit-jupiter-params-5.8.2.jar;C:\Users\ASUS\.m2\repository\org\junit\jupiter\junit-jupiter-engine\5.8.2\junit-jupiter-engine-5.8.2.jar;C:\Users\ASUS\.m2\repository\org\junit\platform\junit-platform-engine\1.8.2\junit-platform-engine-1.8.2.jar;C:\Users\ASUS\.m2\repository\org\apache\logging\log4j\log4j-api\2.17.2\log4j-api-2.17.2.jar;C:\Users\ASUS\.m2\repository\org\apache\logging\log4j\log4j-core\2.17.2\log4j-core-2.17.2.jar;C:\Users\ASUS\.m2\repository\org\apache\logging\log4j\log4j-slf4j-impl\2.17.2\log4j-slf4j-impl-2.17.2.jar;C:\Users\ASUS\.m2\repository\org\slf4j\slf4j-api\1.7.25\slf4j-api-1.7.25.jar;C:\Users\ASUS\.m2\repository\org\eclipse\yasson\2.0.4\yasson-2.0.4.jar;C:\Users\ASUS\.m2\repository\jakarta\json\bind\jakarta.json.bind-api\2.0.0\jakarta.json.bind-api-2.0.0.jar;C:\Users\ASUS\.m2\repository\jakarta\json\jakarta.json-api\2.0.0\jakarta.json-api-2.0.0.jar;C:\Users\ASUS\.m2\repository\org\glassfish\jakarta.json\2.0.0\jakarta.json-2.0.0-module.jar;C:\Users\ASUS\.m2\repository\com\fasterxml\jackson\core\jackson-core\2.13.1\jackson-core-2.13.1.jar;C:\Users\ASUS\.m2\repository\com\fasterxml\jackson\core\jackson-databind\2.13.1\jackson-databind-2.13.1.jar;C:\Users\ASUS\.m2\repository\com\fasterxml\jackson\core\jackson-annotations\2.13.1\jackson-annotations-2.13.1.jar;C:\Users\ASUS\.m2\repository\com\fasterxml\jackson\dataformat\jackson-dataformat-yaml\2.13.1\jackson-dataformat-yaml-2.13.1.jar;C:\Users\ASUS\.m2\repository\org\yaml\snakeyaml\1.28\snakeyaml-1.28.jar;C:\Users\ASUS\.m2\repository\javax\servlet\javax.servlet-api\3.1.0\javax.servlet-api-3.1.0.jar;C:\Users\ASUS\.m2\repository\mysql\mysql-connector-java\8.0.27\mysql-connector-java-8.0.27.jar;C:\Users\ASUS\.m2\repository\com\google\protobuf\protobuf-java\3.11.4\protobuf-java-3.11.4.jar;C:\Users\ASUS\.m2\repository\org\apache\tapestry\tapestry-hibernate\5.8.3\tapestry-hibernate-5.8.3.jar;C:\Users\ASUS\.m2\repository\org\apache\tapestry\tapestry-hibernate-core\5.8.3\tapestry-hibernate-core-5.8.3.jar;C:\Users\ASUS\.m2\repository\org\hibernate\hibernate-core\5.4.32.Final\hibernate-core-5.4.32.Final.jar;C:\Users\ASUS\.m2\repository\javax\persistence\javax.persistence-api\2.2\javax.persistence-api-2.2.jar;C:\Users\ASUS\.m2\repository\org\javassist\javassist\3.27.0-GA\javassist-3.27.0-GA.jar;C:\Users\ASUS\.m2\repository\antlr\antlr\2.7.7\antlr-2.7.7.jar;C:\Users\ASUS\.m2\repository\org\jboss\spec\javax\transaction\jboss-transaction-api_1.2_spec\1.1.1.Final\jboss-transaction-api_1.2_spec-1.1.1.Final.jar;C:\Users\ASUS\.m2\repository\org\jboss\jandex\2.2.3.Final\jandex-2.2.3.Final.jar;C:\Users\ASUS\.m2\repository\com\fasterxml\classmate\1.5.1\classmate-1.5.1.jar;C:\Users\ASUS\.m2\repository\org\dom4j\dom4j\2.1.3\dom4j-2.1.3.jar;C:\Users\ASUS\.m2\repository\org\hibernate\common\hibernate-commons-annotations\5.1.2.Final\hibernate-commons-annotations-5.1.2.Final.jar;C:\Users\ASUS\.m2\repository\javax\xml\bind\jaxb-api\2.3.1\jaxb-api-2.3.1.jar;C:\Users\ASUS\.m2\repository\org\jboss\logging\jboss-logging\3.3.0.Final\jboss-logging-3.3.0.Final.jar;C:\Users\ASUS\.m2\repository\org\hsqldb\hsqldb\2.3.2\hsqldb-2.3.2.jar;C:\Users\ASUS\.m2\repository\org\apache\tapestry\tapestry-upload\5.8.3\tapestry-upload-5.8.3.jar;C:\Users\ASUS\.m2\repository\commons-fileupload\commons-fileupload\1.3.2\commons-fileupload-1.3.2.jar;C:\Users\ASUS\.m2\repository\commons-io\commons-io\2.4\commons-io-2.4.jar;C:\Users\ASUS\.m2\repository\javax\mail\javax.mail-api\1.4.7\javax.mail-api-1.4.7.jar;C:\Users\ASUS\.m2\repository\javax\activation\activation\1.1\activation-1.1.jar;C:\Users\ASUS\.m2\repository\javax\activation\javax.activation-api\1.2.0\javax.activation-api-1.2.0.jar;"/>
    <property name="sun.cpu.endian" value="little"/>
    <property name="user.home" value="C:\Users\ASUS"/>
    <property name="user.language" value="en"/>
    <property name="java.specification.vendor" value="Oracle Corporation"/>
    <property name="java.version.date" value="2022-10-18"/>
    <property name="java.home" value="C:\Program Files\Java\jdk-17.0.5"/>
    <property name="file.separator" value="\"/>
    <property name="basedir" value="C:\Users\ASUS\eclipse-workspace\Sampleproject"/>
    <property name="java.vm.compressedOopsMode" value="32-bit"/>
    <property name="line.separator" value="&#10;"/>
    <property name="java.vm.specification.vendor" value="Oracle Corporation"/>
    <property name="java.specification.name" value="Java Platform API Specification"/>
    <property name="surefire.real.class.path" value="C:\Users\ASUS\AppData\Local\Temp\surefire11030477228707084628\surefirebooter10913075572869212500.jar"/>
    <property name="user.script" value=""/>
    <property name="sun.management.compiler" value="HotSpot 64-Bit Tiered Compilers"/>
    <property name="java.runtime.version" value="17.0.5+9-LTS-191"/>
    <property name="user.name" value="ASUS"/>
    <property name="path.separator" value=";"/>
    <property name="os.version" value="10.0"/>
    <property name="java.runtime.name" value="Java(TM) SE Runtime Environment"/>
    <property name="file.encoding" value="Cp1252"/>
    <property name="java.vm.name" value="Java HotSpot(TM) 64-Bit Server VM"/>
    <property name="localRepository" value="C:\Users\ASUS\.m2\repository"/>
    <property name="java.vendor.url.bug" value="https://bugreport.java.com/bugreport/"/>
    <property name="java.io.tmpdir" value="C:\Users\ASUS\AppData\Local\Temp\"/>
    <property name="java.version" value="17.0.5"/>
    <property name="user.dir" value="C:\Users\ASUS\eclipse-workspace\Sampleproject"/>
    <property name="os.arch" value="amd64"/>
    <property name="java.vm.specification.name" value="Java Virtual Machine Specification"/>
    <property name="sun.os.patch.level" value=""/>
    <property name="native.encoding" value="Cp1252"/>
    <property name="java.library.path" value="C:\Program Files\Java\jdk-17.0.5\bin;C:\WINDOWS\Sun\Java\bin;C:\WINDOWS\system32;C:\WINDOWS;C:\Python311\Scripts\;C:\Python311\;C:\Program Files\Common Files\Oracle\Java\javapath;C:\WINDOWS\system32;C:\WINDOWS;C:\WINDOWS\System32\Wbem;C:\WINDOWS\System32\WindowsPowerShell\v1.0\;C:\WINDOWS\System32\OpenSSH\;C:\Program Files\MATLAB\R2023a\runtime\win64;C:\Program Files\MATLAB\R2023a\bin;C:\Program Files\Git\cmd;C:\Program Files\MySQL\MySQL Server 8.0\bin;C:\Program Files (x86)\nodejs\;C:\ProgramData\chocolatey\bin;C:\Program Files\7-Zip;C:\Program Files\php-8.2.9;C:\Program Files\php-8.2.9\Composer;C:\ProgramData\ComposerSetup\bin;C:\Program Files\apache-maven-3.9.4-bin\apache-maven-3.9.4\bin;C:\Program Files\MySQL\MySQL Shell 8.0\bin\;C:\Users\ASUS\AppData\Local\Microsoft\WindowsApps;C:\Users\ASUS\AppData\Local\Programs\Microsoft VS Code\bin;C:\Users\ASUS\AppData\Roaming\npm;C:\ProgramData\ComposerSetup\bin;C:\Users\ASUS\AppData\Roaming\Composer\vendor\bin;."/>
    <property name="java.vm.info" value="mixed mode, sharing"/>
    <property name="java.vendor" value="Oracle Corporation"/>
    <property name="java.vm.version" value="17.0.5+9-LTS-191"/>
    <property name="propertyName" value="firefox"/>
    <property name="sun.io.unicode.encoding" value="UnicodeLittle"/>
    <property name="java.class.version" value="61.0"/>
  </properties>
  <testcase name="test" classname="org.apache.tapestry.Sampleproject.tapestry.unit.pages.IndexTest" time="3.506">
    <system-out><![CDATA[2023-09-09 16:55:14,609 [main                  ] INFO                      org.apache.tapestry5.ioc.RegistryBuilder Adding module definition for class org.apache.tapestry5.ioc.modules.TapestryIOCModule
2023-09-09 16:55:14,649 [main                  ] INFO                      org.apache.tapestry5.ioc.RegistryBuilder Adding module definition for class org.apache.tapestry5.json.modules.JSONModule
2023-09-09 16:55:14,663 [main                  ] INFO                      org.apache.tapestry5.ioc.RegistryBuilder Adding module definition for class org.apache.tapestry5.webresources.modules.WebResourcesModule
2023-09-09 16:55:14,885 [main                  ] INFO                      org.apache.tapestry5.ioc.RegistryBuilder Adding module definition for class org.apache.tapestry5.hibernate.web.modules.HibernateModule
2023-09-09 16:55:14,891 [main                  ] INFO                      org.apache.tapestry5.ioc.RegistryBuilder Adding module definition for class org.apache.tapestry5.hibernate.modules.HibernateCoreModule
2023-09-09 16:55:14,903 [main                  ] INFO                      org.apache.tapestry5.ioc.RegistryBuilder Adding module definition for class org.apache.tapestry5.upload.modules.UploadModule
2023-09-09 16:55:14,908 [main                  ] INFO                      org.apache.tapestry5.ioc.RegistryBuilder Adding module definition for class org.apache.tapestry5.http.modules.TapestryHttpModule
2023-09-09 16:55:14,919 [main                  ] INFO                      org.apache.tapestry5.ioc.RegistryBuilder Adding module definition for class org.apache.tapestry.Sampleproject.services.AppModule
2023-09-09 16:55:14,927 [main                  ] INFO                      org.apache.tapestry5.ioc.RegistryBuilder Adding module definition for class org.apache.tapestry5.modules.Bootstrap4Module
2023-09-09 16:55:14,931 [main                  ] INFO                      org.apache.tapestry5.ioc.RegistryBuilder Adding module definition for class org.apache.tapestry5.modules.TapestryModule
2023-09-09 16:55:15,018 [main                  ] INFO                      org.apache.tapestry5.ioc.RegistryBuilder Adding module definition for class org.apache.tapestry5.modules.InternalModule
2023-09-09 16:55:15,040 [main                  ] INFO                      org.apache.tapestry5.ioc.RegistryBuilder Adding module definition for class org.apache.tapestry5.modules.AssetsModule
2023-09-09 16:55:15,057 [main                  ] INFO                      org.apache.tapestry5.ioc.RegistryBuilder Adding module definition for class org.apache.tapestry5.modules.PageLoadModule
2023-09-09 16:55:15,061 [main                  ] INFO                      org.apache.tapestry5.ioc.RegistryBuilder Adding module definition for class org.apache.tapestry5.modules.JavaScriptModule
2023-09-09 16:55:15,067 [main                  ] INFO                      org.apache.tapestry5.ioc.RegistryBuilder Adding module definition for class org.apache.tapestry5.modules.CompatibilityModule
2023-09-09 16:55:15,069 [main                  ] INFO                      org.apache.tapestry5.ioc.RegistryBuilder Adding module definition for class org.apache.tapestry5.modules.DashboardModule
2023-09-09 16:55:15,071 [main                  ] INFO                      org.apache.tapestry5.ioc.RegistryBuilder Adding module definition for class org.apache.tapestry5.internal.test.PageTesterModule
2023-09-09 16:55:15,074 [main                  ] INFO                      org.apache.tapestry5.ioc.RegistryBuilder Adding module definition for class org.apache.tapestry.Sampleproject.services.QaModule
2023-09-09 16:55:15,425 [main                  ] INFO  rg.apache.tapestry5.modules.TapestryModule.ComponentOverride Component replacements (including components, pages and mixins):
org.apache.tapestry5.corelib.components.Glyphicon: org.apache.tapestry5.corelib.components.FontAwesomeIcon

2023-09-09 16:55:15,530 [main                  ] INFO  tapestry5.modules.InternalModule.ComponentInstantiatorSource Initializing page pool
2023-09-09 16:55:15,582 [main                  ] INFO                          org.apache.tapestry5.test.PageTester Startup status:

Services:

          AjaxComponentEventRequestHandler: DEFINED
         AjaxComponentEventResultProcessor: DEFINED
                  AjaxFormUpdateController: DEFINED
               AjaxPartialResponseRenderer: DEFINED
                      AjaxResponseRenderer: DEFINED
                              AlertManager: VIRTUAL
                       ApplicationDefaults: REAL
                        ApplicationGlobals: REAL
                    ApplicationInitializer: DEFINED
                   ApplicationStateManager: DEFINED
 ApplicationStatePersistenceStrategySource: DEFINED
                           AspectDecorator: REAL
                       AssetBindingFactory: DEFINED
                    AssetChecksumGenerator: DEFINED
                           AssetDispatcher: DEFINED
                       AssetObjectProvider: REAL
                      AssetPathConstructor: DEFINED
                        AssetPathConverter: DEFINED
                               AssetSource: VIRTUAL
                       AsyncRequestService: DEFINED
                             BaseURLSource: DEFINED
                   BeanBlockOverrideSource: DEFINED
                           BeanBlockSource: DEFINED
                           BeanModelSource: DEFINED
                             BindingSource: DEFINED
                              ChainBuilder: DEFINED
                          ClassNameLocator: VIRTUAL
                ClasspathAssetAliasManager: DEFINED
                     ClasspathAssetFactory: DEFINED
              ClasspathAssetProtectionRule: DEFINED
                          ClasspathScanner: DEFINED
                     ClasspathURLConverter: VIRTUAL
                     ClientBehaviorSupport: DEFINED
                         ClientDataEncoder: DEFINED
              ClientPersistentFieldStorage: DEFINED
             ClientPersistentFieldStrategy: DEFINED
                           ClientWhitelist: DEFINED
                             Compatibility: REAL
                       ComponentClassCache: DEFINED
                    ComponentClassResolver: REAL
             ComponentClassTransformWorker: VIRTUAL
      ComponentClassesInvalidationEventHub: REAL
                  ComponentDefaultProvider: DEFINED
      ComponentDependencyGraphvizGenerator: DEFINED
               ComponentDependencyRegistry: VIRTUAL
                 ComponentEventLinkEncoder: DEFINED
             ComponentEventLinkTransformer: DEFINED
              ComponentEventRequestHandler: DEFINED
             ComponentEventResultProcessor: DEFINED
          ComponentInstanceResultProcessor: DEFINED
               ComponentInstantiatorSource: REAL
                ComponentLibraryInfoSource: DEFINED
     ComponentMessagesInvalidationEventHub: DEFINED
                   ComponentMessagesSource: DEFINED
                      ComponentModelSource: DEFINED
                         ComponentOverride: REAL
       ComponentPageElementResourcesSource: DEFINED
                     ComponentProxyFactory: VIRTUAL
                   ComponentRequestHandler: DEFINED
          ComponentRequestSelectorAnalyzer: DEFINED
                  ComponentResourceLocator: DEFINED
                           ComponentSource: DEFINED
                  ComponentTemplateLocator: DEFINED
                   ComponentTemplateSource: DEFINED
    ComponentTemplatesInvalidationEventHub: DEFINED
                       CompressionAnalyzer: DEFINED
                       ContentTypeAnalyzer: DEFINED
                                   Context: DEFINED
                       ContextAssetFactory: DEFINED
                     ContextBindingFactory: DEFINED
                        ContextPathEncoder: DEFINED
                       ContextValueEncoder: DEFINED
                                CookieSink: DEFINED
                              CookieSource: DEFINED
                                   Cookies: DEFINED
                       CoreJavaScriptStack: DEFINED
                         CorsHandlerHelper: DEFINED
              CorsHttpServletRequestFilter: DEFINED
                          DashboardManager: DEFINED
                          DataTypeAnalyzer: DEFINED
                             DateUtilities: DEFINED
                   DefaultDataTypeAnalyzer: DEFINED
                    DefaultFileItemFactory: DEFINED
                DefaultHibernateConfigurer: DEFINED
              DefaultImplementationBuilder: DEFINED
                         DeferredExecution: VIRTUAL
                        DeprecationWarning: DEFINED
                     DynamicTemplateParser: VIRTUAL
                    Emailservicesinterface: DEFINED
                      EndOfRequestEventHub: DEFINED
                               Environment: DEFINED
                EnvironmentalShadowBuilder: DEFINED
                         ExceptionAnalyzer: DEFINED
                     ExceptionReportWriter: DEFINED
                         ExceptionReporter: DEFINED
                          ExceptionTracker: DEFINED
                           FactoryDefaults: REAL
                     FieldTranslatorSource: DEFINED
                    FieldValidationSupport: DEFINED
               FieldValidatorDefaultSource: DEFINED
                      FieldValidatorSource: DEFINED
                    FormControlNameManager: DEFINED
                               FormSupport: DEFINED
     GoogleClosureMinimizerOptionsProvider: DEFINED
                                 Heartbeat: DEFINED
             HibernateEntityPackageManager: DEFINED
                   HibernateSessionManager: DEFINED
                    HibernateSessionSource: VIRTUAL
               HibernateTransactionAdvisor: DEFINED
             HibernateTransactionDecorator: DEFINED
                  HiddenFieldLocationRules: DEFINED
                              Html5Support: DEFINED
                  HttpRequestBodyConverter: DEFINED
                        HttpServletRequest: DEFINED
                 HttpServletRequestHandler: DEFINED
                       HttpServletResponse: DEFINED
                        IgnoredPathsFilter: DEFINED
                         InjectionProvider: DEFINED
     InternalComponentInvalidationEventHub: REAL
                   InternalJavaScriptStack: DEFINED
                    InternalRequestGlobals: DEFINED
                  JavaScriptStackAssembler: DEFINED
            JavaScriptStackPathConstructor: DEFINED
                     JavaScriptStackSource: DEFINED
                         JavaScriptSupport: DEFINED
                               LazyAdvisor: DEFINED
                           LinkCreationHub: DEFINED
                                LinkSource: DEFINED
                           LinkTransformer: DEFINED
                        LocalizationSetter: DEFINED
                          LocationRenderer: DEFINED
                              LoggerSource: BUILTIN
                            LoggingAdvisor: DEFINED
                          LoggingDecorator: DEFINED
                       MappedEntityManager: DEFINED
                            MarkupRenderer: DEFINED
                       MarkupWriterFactory: DEFINED
                          MasterDispatcher: DEFINED
                      MasterObjectProvider: REAL
           MasterStackTraceElementAnalyzer: DEFINED
                     MessageBindingFactory: DEFINED
                           MetaDataLocator: DEFINED
                                MetaWorker: DEFINED
                             ModuleManager: DEFINED
                          MultipartDecoder: DEFINED
                          Myemailinterface: DEFINED
           NullFieldStrategyBindingFactory: DEFINED
                   NullFieldStrategySource: DEFINED
                  NumericTranslatorSupport: DEFINED
                            ObjectRenderer: DEFINED
             OpenApiDocumentationGenerator: DEFINED
                      OpenApiTypeDescriber: DEFINED
                          OperationAdvisor: DEFINED
            PageActivationContextCollector: DEFINED
                             PageActivator: DEFINED
           PageCachingReferenceTypeService: DEFINED
             PageClassLoaderContextManager: REAL
                   PageContentTypeAnalyzer: DEFINED
                     PageDocumentGenerator: DEFINED
                        PageElementFactory: DEFINED
                                PageLoader: DEFINED
                        PageMarkupRenderer: DEFINED
                             PagePreloader: VIRTUAL
                      PageRenderLinkSource: DEFINED
                 PageRenderLinkTransformer: DEFINED
                           PageRenderQueue: DEFINED
                  PageRenderRequestHandler: DEFINED
                      PageResponseRenderer: DEFINED
                                PageSource: DEFINED
                     PartialMarkupRenderer: DEFINED
                   PartialTemplateRenderer: DEFINED
                           PathConstructor: DEFINED
                          PeriodicExecutor: REAL
                    PersistentFieldManager: DEFINED
                          PersistentLocale: DEFINED
                          PerthreadManager: BUILTIN
                           PipelineBuilder: DEFINED
                       PlasticProxyFactory: BUILTIN
                        PropBindingFactory: DEFINED
                      PropertiesFileParser: DEFINED
                            PropertyAccess: VIRTUAL
                     PropertyConduitSource: REAL
                     PropertyShadowBuilder: DEFINED
                       RegistryShutdownHub: BUILTIN
                           RegistryStartup: REAL
                              ReloadHelper: REAL
                                   Request: DEFINED
                   RequestExceptionHandler: DEFINED
                            RequestGlobals: DEFINED
                            RequestHandler: VIRTUAL
                          RequestPageCache: DEFINED
                    RequestSecurityManager: DEFINED
                     ResourceChangeTracker: DEFINED
                   ResourceDigestGenerator: DEFINED
                     ResourceDigestManager: DEFINED
                         ResourceMinimizer: DEFINED
                          ResourceStreamer: DEFINED
                ResourceTransformerFactory: DEFINED
                                  Response: DEFINED
               ResponseCompressionAnalyzer: DEFINED
                          ResponseRenderer: DEFINED
                               RestSupport: DEFINED
                        SelectModelFactory: DEFINED
                 ServiceActivityScoreboard: BUILTIN
           ServiceConfigurationListenerHub: DEFINED
                    ServiceLifecycleSource: REAL
                           ServiceOverride: REAL
             ServletApplicationInitializer: DEFINED
                                   Session: VIRTUAL
SessionApplicationStatePersistenceStrategy: DEFINED
            SessionPersistedObjectAnalyzer: DEFINED
                           StrategyBuilder: DEFINED
                  StreamableResourceSource: DEFINED
                            StringInterner: REAL
                      SymbolBindingFactory: DEFINED
                              SymbolSource: REAL
                    TapestrySessionFactory: DEFINED
                            TemplateParser: DEFINED
                           TestableRequest: REAL
                          TestableResponse: VIRTUAL
                              ThreadLocale: DEFINED
                              ThunkCreator: DEFINED
                              TimingFilter: DEFINED
                   TranslateBindingFactory: DEFINED
                TranslatorAlternatesSource: DEFINED
                          TranslatorSource: DEFINED
                               TypeCoercer: REAL
                                URLEncoder: DEFINED
           UnknownActivationContextHandler: DEFINED
                         UpdateListenerHub: REAL
                    ValidateBindingFactory: DEFINED
             ValidationConstraintGenerator: DEFINED
                ValidationDecoratorFactory: DEFINED
                            ValidatorMacro: DEFINED
                        ValueEncoderSource: DEFINED
                        ValueLabelProvider: DEFINED

87.71% unrealized services (207/236)

Application 'App' (version 0.0.1-SNAPSHOT-qa) startup time: 428 ms to build IoC Registry, 931 ms overall.

 ______                  __             ____
/_  __/__ ____  ___ ___ / /_______ __  / __/
 / / / _ `/ _ \/ -_|_-</ __/ __/ // / /__ \ 
/_/  \_,_/ .__/\__/___/\__/_/  \_, / /____/
        /_/                   /___/  5.8.3 (development mode)


2023-09-09 16:55:15,836 [main                  ] INFO  ache.tapestry5.modules.TapestryModule.ComponentClassResolver Available pages (19):
                      (blank): org.apache.tapestry.Sampleproject.pages.Index
                        About: org.apache.tapestry.Sampleproject.pages.About
           ComponentLibraries: org.apache.tapestry5.corelib.pages.ComponentLibraries
                    Dashboard: org.apache.tapestry.Sampleproject.pages.Dashboard
                        Email: org.apache.tapestry.Sampleproject.pages.Email
                    Emailform: org.apache.tapestry.Sampleproject.pages.Emailform
                     Error404: org.apache.tapestry.Sampleproject.pages.Error404
              ExceptionReport: org.apache.tapestry5.corelib.pages.ExceptionReport
                        Gmail: org.apache.tapestry.Sampleproject.pages.Gmail
                        Index: org.apache.tapestry.Sampleproject.pages.Index
                        Login: org.apache.tapestry.Sampleproject.pages.Login
                  PageCatalog: org.apache.tapestry5.corelib.pages.PageCatalog
          PageDependencyGraph: org.apache.tapestry5.corelib.pages.PageDependencyGraph
        PropertyDisplayBlocks: org.apache.tapestry5.corelib.pages.PropertyDisplayBlocks
           PropertyEditBlocks: org.apache.tapestry5.corelib.pages.PropertyEditBlocks
                ServiceStatus: org.apache.tapestry5.corelib.pages.ServiceStatus
                       Signup: org.apache.tapestry.Sampleproject.pages.Signup
                  T5Dashboard: org.apache.tapestry5.corelib.pages.T5Dashboard
                     Userform: org.apache.tapestry.Sampleproject.pages.Userform
hibernate/HibernateStatistics: org.apache.tapestry5.hibernate.web.pages.HibernateStatistics
         hibernate/Statistics: org.apache.tapestry5.hibernate.web.pages.HibernateStatistics

2023-09-09 16:55:15,838 [main                  ] INFO  ache.tapestry5.modules.TapestryModule.ComponentClassResolver Available components (61):
        ActionLink: org.apache.tapestry5.corelib.components.ActionLink
        AddRowLink: org.apache.tapestry5.corelib.components.AddRowLink
      AjaxFormLoop: org.apache.tapestry5.corelib.components.AjaxFormLoop
            Alerts: org.apache.tapestry5.corelib.components.Alerts
               Any: org.apache.tapestry5.corelib.components.Any
       BeanDisplay: org.apache.tapestry5.corelib.components.BeanDisplay
      BeanEditForm: org.apache.tapestry5.corelib.components.BeanEditForm
        BeanEditor: org.apache.tapestry5.corelib.components.BeanEditor
          Checkbox: org.apache.tapestry5.corelib.components.Checkbox
         Checklist: org.apache.tapestry5.corelib.components.Checklist
         DateField: org.apache.tapestry5.corelib.components.DateField
          Delegate: org.apache.tapestry5.corelib.components.Delegate
           DevTool: org.apache.tapestry5.corelib.components.DevTool
           Doctype: org.apache.tapestry5.corelib.components.Doctype
           Dynamic: org.apache.tapestry5.corelib.components.Dynamic
             Error: org.apache.tapestry5.corelib.components.Error
            Errors: org.apache.tapestry5.corelib.components.Errors
         EventLink: org.apache.tapestry5.corelib.components.EventLink
  ExceptionDisplay: org.apache.tapestry5.corelib.components.ExceptionDisplay
   FontAwesomeIcon: org.apache.tapestry5.corelib.components.FontAwesomeIcon
              Form: org.apache.tapestry5.corelib.components.Form
      FormFragment: org.apache.tapestry5.corelib.components.FormFragment
         Glyphicon: org.apache.tapestry5.corelib.components.Glyphicon
          Graphviz: org.apache.tapestry5.corelib.components.Graphviz
              Grid: org.apache.tapestry5.corelib.components.Grid
          GridCell: org.apache.tapestry5.corelib.components.GridCell
       GridColumns: org.apache.tapestry5.corelib.components.GridColumns
         GridPager: org.apache.tapestry5.corelib.components.GridPager
          GridRows: org.apache.tapestry5.corelib.components.GridRows
            Hidden: org.apache.tapestry5.corelib.components.Hidden
    Html5DateField: org.apache.tapestry5.corelib.components.Html5DateField
                If: org.apache.tapestry5.corelib.components.If
             Label: org.apache.tapestry5.corelib.components.Label
            Layout: org.apache.tapestry.Sampleproject.components.Layout
        LinkSubmit: org.apache.tapestry5.corelib.components.LinkSubmit
         LocalDate: org.apache.tapestry5.corelib.components.LocalDate
              Loop: org.apache.tapestry5.corelib.components.Loop
            Output: org.apache.tapestry5.corelib.components.Output
         OutputRaw: org.apache.tapestry5.corelib.components.OutputRaw
          PageLink: org.apache.tapestry5.corelib.components.PageLink
           Palette: org.apache.tapestry5.corelib.components.Palette
     PasswordField: org.apache.tapestry5.corelib.components.PasswordField
ProgressiveDisplay: org.apache.tapestry5.corelib.components.ProgressiveDisplay
   PropertyDisplay: org.apache.tapestry5.corelib.components.PropertyDisplay
    PropertyEditor: org.apache.tapestry5.corelib.components.PropertyEditor
             Radio: org.apache.tapestry5.corelib.components.Radio
        RadioGroup: org.apache.tapestry5.corelib.components.RadioGroup
     RemoveRowLink: org.apache.tapestry5.corelib.components.RemoveRowLink
      RenderObject: org.apache.tapestry5.corelib.components.RenderObject
            Select: org.apache.tapestry5.corelib.components.Select
            Submit: org.apache.tapestry5.corelib.components.Submit
    SubmitNotifier: org.apache.tapestry5.corelib.components.SubmitNotifier
          TextArea: org.apache.tapestry5.corelib.components.TextArea
         TextField: org.apache.tapestry5.corelib.components.TextField
        TextOutput: org.apache.tapestry5.corelib.components.TextOutput
      TimeInterval: org.apache.tapestry5.corelib.components.TimeInterval
              Tree: org.apache.tapestry5.corelib.components.Tree
           Trigger: org.apache.tapestry5.corelib.components.Trigger
            Unless: org.apache.tapestry5.corelib.components.Unless
            Upload: org.apache.tapestry5.upload.components.Upload
              Zone: org.apache.tapestry5.corelib.components.Zone

2023-09-09 16:55:15,840 [main                  ] INFO  ache.tapestry5.modules.TapestryModule.ComponentClassResolver Available mixins (14):
           Autocomplete: org.apache.tapestry5.corelib.mixins.Autocomplete
                Confirm: org.apache.tapestry5.corelib.mixins.Confirm
            DiscardBody: org.apache.tapestry5.corelib.mixins.DiscardBody
         FormFieldFocus: org.apache.tapestry5.corelib.mixins.FormFieldFocus
              FormGroup: org.apache.tapestry5.corelib.mixins.FormGroup
               NotEmpty: org.apache.tapestry5.corelib.mixins.NotEmpty
     OverrideFieldFocus: org.apache.tapestry5.corelib.mixins.OverrideFieldFocus
PublishServerSideEvents: org.apache.tapestry5.corelib.mixins.PublishServerSideEvents
         RenderClientId: org.apache.tapestry5.corelib.mixins.RenderClientId
         RenderDisabled: org.apache.tapestry5.corelib.mixins.RenderDisabled
        RenderInformals: org.apache.tapestry5.corelib.mixins.RenderInformals
     RenderNotification: org.apache.tapestry5.corelib.mixins.RenderNotification
        TriggerFragment: org.apache.tapestry5.corelib.mixins.TriggerFragment
            ZoneRefresh: org.apache.tapestry5.corelib.mixins.ZoneRefresh

2023-09-09 16:55:16,466 [main                  ] INFO        org.apache.tapestry5.modules.InternalModule.PageLoader Loaded page 'Index' (en) in 297.355 ms
2023-09-09 16:55:16,551 [main                  ] INFO  ources.modules.WebResourcesModule.ResourceTransformerFactory Using C:\Users\ASUS\AppData\Local\Temp\/tapestry-asset-cache to store compiled assets (development mode only).
2023-09-09 16:55:17,379 [main                  ] INFO  pache.tapestry.Sampleproject.services.AppModule.TimingFilter Request time: 1725 ms
]]></system-out>
  </testcase>
</testsuite>