<?xml version="1.0" encoding="UTF-8"?>
<!-- Generated by org.testng.reporters.JUnitReportReporter -->
<testsuite hostname="DESKTOP-0HVJUKO" failures="0" tests="4" name="org.apache.tapestry.Sampleproject.tapestry.integration.pages.NavigationTest" time="0.000" errors="0" timestamp="09 Sep 2023 11:27:29 GMT" skipped="4">
  <testcase classname="org.apache.tapestry.Sampleproject.tapestry.integration.pages.NavigationTest" name="navigationError404" time="0.000">
    <skipped/>
  </testcase> <!-- navigationError404 -->
  <testcase classname="org.apache.tapestry.Sampleproject.tapestry.integration.pages.NavigationTest" name="navigationLogin" time="0.000">
    <skipped/>
  </testcase> <!-- navigationLogin -->
  <testcase classname="org.apache.tapestry.Sampleproject.tapestry.integration.pages.NavigationTest" name="navigationIndex" time="0.000">
    <skipped/>
  </testcase> <!-- navigationIndex -->
  <testcase classname="org.apache.tapestry.Sampleproject.tapestry.integration.pages.NavigationTest" name="navigationAbout" time="0.000">
    <skipped/>
  </testcase> <!-- navigationAbout -->
</testsuite> <!-- org.apache.tapestry.Sampleproject.tapestry.integration.pages.NavigationTest -->
